[INFO ] 2017-04-09 16:33:00.969 [restartedMain] c.s.ProductApplication - Starting ProductApplication on Sarindys-MacBook-Pro.local with PID 3897 (/Users/dy/Documents/java/Workspaces/dnynn_workspace/Product/target/classes started by dy in /Users/dy/Documents/java/Workspaces/dnynn_workspace/Product)
[INFO ] 2017-04-09 16:33:00.971 [restartedMain] c.s.ProductApplication - No active profile set, falling back to default profiles: default
[INFO ] 2017-04-09 16:33:01.423 [restartedMain] o.s.b.c.e.AnnotationConfigEmbeddedWebApplicationContext - Refreshing org.springframework.boot.context.embedded.AnnotationConfigEmbeddedWebApplicationContext@500c8a76: startup date [Sun Apr 09 16:33:01 ICT 2017]; root of context hierarchy
[INFO ] 2017-04-09 16:33:03.122 [restartedMain] o.s.c.s.PostProcessorRegistrationDelegate$BeanPostProcessorChecker - Bean 'org.springframework.transaction.annotation.ProxyTransactionManagementConfiguration' of type [org.springframework.transaction.annotation.ProxyTransactionManagementConfiguration$$EnhancerBySpringCGLIB$$7172083e] is not eligible for getting processed by all BeanPostProcessors (for example: not eligible for auto-proxying)
[INFO ] 2017-04-09 16:33:03.632 [restartedMain] o.s.b.c.e.t.TomcatEmbeddedServletContainer - Tomcat initialized with port(s): 8080 (http)
[INFO ] 2017-04-09 16:33:03.653 [restartedMain] o.a.c.c.StandardService - Starting service Tomcat
[INFO ] 2017-04-09 16:33:03.659 [restartedMain] o.a.c.c.StandardEngine - Starting Servlet Engine: Apache Tomcat/8.5.11
[INFO ] 2017-04-09 16:33:03.768 [localhost-startStop-1] o.a.c.c.C.[.[.[/] - Initializing Spring embedded WebApplicationContext
[INFO ] 2017-04-09 16:33:03.768 [localhost-startStop-1] o.s.w.c.ContextLoader - Root WebApplicationContext: initialization completed in 2357 ms
[INFO ] 2017-04-09 16:33:03.938 [localhost-startStop-1] o.s.b.w.s.ServletRegistrationBean - Mapping servlet: 'dispatcherServlet' to [/]
[INFO ] 2017-04-09 16:33:03.943 [localhost-startStop-1] o.s.b.w.s.FilterRegistrationBean - Mapping filter: 'characterEncodingFilter' to: [/*]
[INFO ] 2017-04-09 16:33:03.943 [localhost-startStop-1] o.s.b.w.s.FilterRegistrationBean - Mapping filter: 'hiddenHttpMethodFilter' to: [/*]
[INFO ] 2017-04-09 16:33:03.944 [localhost-startStop-1] o.s.b.w.s.FilterRegistrationBean - Mapping filter: 'httpPutFormContentFilter' to: [/*]
[INFO ] 2017-04-09 16:33:03.944 [localhost-startStop-1] o.s.b.w.s.FilterRegistrationBean - Mapping filter: 'requestContextFilter' to: [/*]
[INFO ] 2017-04-09 16:33:04.792 [restartedMain] o.s.o.j.LocalContainerEntityManagerFactoryBean - Building JPA container EntityManagerFactory for persistence unit 'default'
[INFO ] 2017-04-09 16:33:04.814 [restartedMain] o.h.j.i.u.LogHelper - HHH000204: Processing PersistenceUnitInfo [
	name: default
	...]
[INFO ] 2017-04-09 16:33:04.907 [restartedMain] o.h.Version - HHH000412: Hibernate Core {5.0.12.Final}
[INFO ] 2017-04-09 16:33:04.909 [restartedMain] o.h.c.Environment - HHH000206: hibernate.properties not found
[INFO ] 2017-04-09 16:33:04.911 [restartedMain] o.h.c.Environment - HHH000021: Bytecode provider name : javassist
[INFO ] 2017-04-09 16:33:05.081 [restartedMain] o.h.a.c.Version - HCANN000001: Hibernate Commons Annotations {5.0.1.Final}
[INFO ] 2017-04-09 16:33:05.205 [restartedMain] o.h.d.Dialect - HHH000400: Using dialect: org.hibernate.dialect.MySQL5Dialect
[INFO ] 2017-04-09 16:33:05.690 [restartedMain] o.h.t.h.SchemaUpdate - HHH000228: Running hbm2ddl schema update
[INFO ] 2017-04-09 16:33:05.847 [restartedMain] o.s.o.j.LocalContainerEntityManagerFactoryBean - Initialized JPA EntityManagerFactory for persistence unit 'default'
[INFO ] 2017-04-09 16:33:06.552 [restartedMain] o.s.w.s.m.m.a.RequestMappingHandlerAdapter - Looking for @ControllerAdvice: org.springframework.boot.context.embedded.AnnotationConfigEmbeddedWebApplicationContext@500c8a76: startup date [Sun Apr 09 16:33:01 ICT 2017]; root of context hierarchy
[INFO ] 2017-04-09 16:33:06.672 [restartedMain] o.s.w.s.m.m.a.RequestMappingHandlerMapping - Mapped "{[/addProduct],methods=[POST],consumes=[application/json;charset=UTF-8],produces=[application/json;charset=UTF-8]}" onto public void com.sarindy.product.ProductController.addProduct(com.sarindy.product.Product)
[INFO ] 2017-04-09 16:33:06.676 [restartedMain] o.s.w.s.m.m.a.RequestMappingHandlerMapping - Mapped "{[/deleteProduct],methods=[POST],consumes=[application/json;charset=UTF-8],produces=[application/json;charset=UTF-8]}" onto public void com.sarindy.product.ProductController.deleteProduct(com.sarindy.product.Product)
[INFO ] 2017-04-09 16:33:06.677 [restartedMain] o.s.w.s.m.m.a.RequestMappingHandlerMapping - Mapped "{[/updateProduct],methods=[POST],consumes=[application/json;charset=UTF-8]}" onto public void com.sarindy.product.ProductController.updateProduct(com.sarindy.product.Product)
[INFO ] 2017-04-09 16:33:06.677 [restartedMain] o.s.w.s.m.m.a.RequestMappingHandlerMapping - Mapped "{[/getAllProduct],methods=[GET],consumes=[application/json;charset=UTF-8],produces=[application/json;charset=UTF-8]}" onto public java.util.List<com.sarindy.product.Product> com.sarindy.product.ProductController.getAllProduct()
[INFO ] 2017-04-09 16:33:06.678 [restartedMain] o.s.w.s.m.m.a.RequestMappingHandlerMapping - Mapped "{[/getProduct],methods=[GET],consumes=[application/json;charset=UTF-8],produces=[application/json;charset=UTF-8]}" onto public com.sarindy.product.Product com.sarindy.product.ProductController.getProduct(com.sarindy.product.Product)
[INFO ] 2017-04-09 16:33:06.678 [restartedMain] o.s.w.s.m.m.a.RequestMappingHandlerMapping - Mapped "{[/getProductByName],methods=[GET],consumes=[application/json;charset=UTF-8],produces=[application/json;charset=UTF-8]}" onto public com.sarindy.product.Product com.sarindy.product.ProductController.getProductByName(com.sarindy.product.Product)
[INFO ] 2017-04-09 16:33:06.678 [restartedMain] o.s.w.s.m.m.a.RequestMappingHandlerMapping - Mapped "{[/getProductByNameLike],methods=[GET],consumes=[application/json;charset=UTF-8],produces=[application/json;charset=UTF-8]}" onto public java.util.List<com.sarindy.product.Product> com.sarindy.product.ProductController.getProductByNameLike(com.sarindy.product.Product)
[INFO ] 2017-04-09 16:33:06.679 [restartedMain] o.s.w.s.m.m.a.RequestMappingHandlerMapping - Mapped "{[/addProductCategory],methods=[GET]}" onto public org.springframework.web.servlet.ModelAndView com.sarindy.productCategory.ProductCategoryController.addProductCategory()
[INFO ] 2017-04-09 16:33:06.680 [restartedMain] o.s.w.s.m.m.a.RequestMappingHandlerMapping - Mapped "{[/addProductCategoryJSON],methods=[POST],consumes=[application/json;charset=UTF-8],produces=[application/json;charset=UTF-8]}" onto public org.springframework.http.ResponseEntity<com.sarindy.productCategory.ProductCategory> com.sarindy.productCategory.ProductCategoryController.addProductCategory(com.sarindy.productCategory.ProductCategory)
[INFO ] 2017-04-09 16:33:06.683 [restartedMain] o.s.w.s.m.m.a.RequestMappingHandlerMapping - Mapped "{[/addProductPropertyJSON],methods=[POST],consumes=[application/json;charset=UTF-8],produces=[application/json;charset=UTF-8]}" onto public org.springframework.http.ResponseEntity<com.sarindy.productProperty.ProductProperty> com.sarindy.productProperty.ProductPropertyController.addProductProperty(com.sarindy.productProperty.ProductProperty)
[INFO ] 2017-04-09 16:33:06.686 [restartedMain] o.s.w.s.m.m.a.RequestMappingHandlerMapping - Mapped "{[/deleteProductPropertyJSON],methods=[POST],consumes=[application/json;charset=UTF-8],produces=[application/json;charset=UTF-8]}" onto public org.springframework.http.ResponseEntity<com.sarindy.productProperty.ProductProperty> com.sarindy.productProperty.ProductPropertyController.deleteProductProperty(com.sarindy.productProperty.ProductProperty)
[INFO ] 2017-04-09 16:33:06.686 [restartedMain] o.s.w.s.m.m.a.RequestMappingHandlerMapping - Mapped "{[/updateProductPropertyJSON],methods=[PUT],consumes=[application/json;charset=UTF-8],produces=[application/json;charset=UTF-8]}" onto public org.springframework.http.ResponseEntity<com.sarindy.productProperty.ProductProperty> com.sarindy.productProperty.ProductPropertyController.updateProductProperty(com.sarindy.productProperty.ProductProperty)
[INFO ] 2017-04-09 16:33:06.686 [restartedMain] o.s.w.s.m.m.a.RequestMappingHandlerMapping - Mapped "{[/getAllProductPropertyJSON],methods=[GET],produces=[application/json;charset=UTF-8]}" onto public org.springframework.http.ResponseEntity<java.util.List<com.sarindy.productProperty.ProductProperty>> com.sarindy.productProperty.ProductPropertyController.getAllProductProperty()
[INFO ] 2017-04-09 16:33:06.687 [restartedMain] o.s.w.s.m.m.a.RequestMappingHandlerMapping - Mapped "{[/getProductPropertyByIdJson/{id}],methods=[GET],produces=[application/json;charset=UTF-8]}" onto public org.springframework.http.ResponseEntity<com.sarindy.productProperty.ProductProperty> com.sarindy.productProperty.ProductPropertyController.getProductPropertyById(int)
[INFO ] 2017-04-09 16:33:06.687 [restartedMain] o.s.w.s.m.m.a.RequestMappingHandlerMapping - Mapped "{[/getProductPropertyByNameJson/{name}],methods=[GET],produces=[application/json;charset=UTF-8]}" onto public org.springframework.http.ResponseEntity<com.sarindy.productProperty.ProductProperty> com.sarindy.productProperty.ProductPropertyController.getProductPropertyByName(java.lang.String)
[INFO ] 2017-04-09 16:33:06.687 [restartedMain] o.s.w.s.m.m.a.RequestMappingHandlerMapping - Mapped "{[/getProductPropertyByNameLikeJson/{name}],methods=[GET],produces=[application/json;charset=UTF-8]}" onto public org.springframework.http.ResponseEntity<java.util.List<com.sarindy.productProperty.ProductProperty>> com.sarindy.productProperty.ProductPropertyController.getProductPropertyByNameLike(java.lang.String)
[INFO ] 2017-04-09 16:33:06.689 [restartedMain] o.s.w.s.m.m.a.RequestMappingHandlerMapping - Mapped "{[/getAllProductPropertyDetail],methods=[GET],produces=[application/json;charset=UTF-8]}" onto public org.springframework.http.ResponseEntity<java.util.List<com.sarindy.productPropertyDetail.ProductPropertyDetail>> com.sarindy.productPropertyDetail.ProductPropertyDetailController.getAllProductPropertyDetail()
[INFO ] 2017-04-09 16:33:06.689 [restartedMain] o.s.w.s.m.m.a.RequestMappingHandlerMapping - Mapped "{[/getProductPropertyDetail],methods=[POST],consumes=[application/json;charset=UTF-8],produces=[application/json;charset=UTF-8]}" onto public org.springframework.http.ResponseEntity<com.sarindy.productPropertyDetail.ProductPropertyDetail> com.sarindy.productPropertyDetail.ProductPropertyDetailController.getProductPropertyDetail(com.sarindy.productPropertyDetail.ProductPropertyDetail)
[INFO ] 2017-04-09 16:33:06.689 [restartedMain] o.s.w.s.m.m.a.RequestMappingHandlerMapping - Mapped "{[/getProductPropertyDetailByName],methods=[POST],consumes=[application/json;charset=UTF-8],produces=[application/json;charset=UTF-8]}" onto public org.springframework.http.ResponseEntity<com.sarindy.productPropertyDetail.ProductPropertyDetail> com.sarindy.productPropertyDetail.ProductPropertyDetailController.getProductPropertyDetailByName(com.sarindy.productPropertyDetail.ProductPropertyDetail)
[INFO ] 2017-04-09 16:33:06.689 [restartedMain] o.s.w.s.m.m.a.RequestMappingHandlerMapping - Mapped "{[/getProductPropertyDetailByNameLike],methods=[POST],consumes=[application/json;charset=UTF-8],produces=[application/json;charset=UTF-8]}" onto public org.springframework.http.ResponseEntity<java.util.List<com.sarindy.productPropertyDetail.ProductPropertyDetail>> com.sarindy.productPropertyDetail.ProductPropertyDetailController.getProductPropertyDetailByNameLike(com.sarindy.productPropertyDetail.ProductPropertyDetail)
[INFO ] 2017-04-09 16:33:06.689 [restartedMain] o.s.w.s.m.m.a.RequestMappingHandlerMapping - Mapped "{[/addProductPropertyDetail],methods=[POST],consumes=[application/json;charset=UTF-8],produces=[application/json;charset=UTF-8]}" onto public org.springframework.http.ResponseEntity<com.sarindy.productPropertyDetail.ProductPropertyDetail> com.sarindy.productPropertyDetail.ProductPropertyDetailController.addProductPropertyDetail(com.sarindy.productPropertyDetail.ProductPropertyDetail)
[INFO ] 2017-04-09 16:33:06.690 [restartedMain] o.s.w.s.m.m.a.RequestMappingHandlerMapping - Mapped "{[/updateProductPropertyDetail],methods=[POST],consumes=[application/json;charset=UTF-8],produces=[application/json;charset=UTF-8]}" onto public org.springframework.http.ResponseEntity<com.sarindy.productPropertyDetail.ProductPropertyDetail> com.sarindy.productPropertyDetail.ProductPropertyDetailController.updateProductPropertyDetail(com.sarindy.productPropertyDetail.ProductPropertyDetail)
[INFO ] 2017-04-09 16:33:06.691 [restartedMain] o.s.w.s.m.m.a.RequestMappingHandlerMapping - Mapped "{[/deleteProductPropertyDetail],methods=[POST],consumes=[application/json;charset=UTF-8],produces=[application/json;charset=UTF-8]}" onto public org.springframework.http.ResponseEntity<com.sarindy.productPropertyDetail.ProductPropertyDetail> com.sarindy.productPropertyDetail.ProductPropertyDetailController.deleteProductPropertyDetail(com.sarindy.productPropertyDetail.ProductPropertyDetail)
[INFO ] 2017-04-09 16:33:06.692 [restartedMain] o.s.w.s.m.m.a.RequestMappingHandlerMapping - Mapped "{[/addProductSubCategoryJSON],methods=[POST],consumes=[application/json;charset=UTF-8],produces=[application/json;charset=UTF-8]}" onto public org.springframework.http.ResponseEntity<com.sarindy.productSubCategory.ProductSubCategory> com.sarindy.productSubCategory.ProductSubCategoryController.addProductSubCategory(com.sarindy.productSubCategory.ProductSubCategory)
[INFO ] 2017-04-09 16:33:06.692 [restartedMain] o.s.w.s.m.m.a.RequestMappingHandlerMapping - Mapped "{[/deleteProductSubCategoryJson],methods=[DELETE],consumes=[application/json;charset=UTF-8],produces=[application/json;charset=UTF-8]}" onto public org.springframework.http.ResponseEntity<com.sarindy.productSubCategory.ProductSubCategory> com.sarindy.productSubCategory.ProductSubCategoryController.deleteProductSubCategory(com.sarindy.productSubCategory.ProductSubCategory)
[INFO ] 2017-04-09 16:33:06.693 [restartedMain] o.s.w.s.m.m.a.RequestMappingHandlerMapping - Mapped "{[/updateProductSubCategoryJson],methods=[PUT],consumes=[application/json;charset=UTF-8],produces=[application/json;charset=UTF-8]}" onto public org.springframework.http.ResponseEntity<com.sarindy.productSubCategory.ProductSubCategory> com.sarindy.productSubCategory.ProductSubCategoryController.updateProductSubCategory(com.sarindy.productSubCategory.ProductSubCategory)
[INFO ] 2017-04-09 16:33:06.693 [restartedMain] o.s.w.s.m.m.a.RequestMappingHandlerMapping - Mapped "{[/getAllProductSubCategory],methods=[GET],produces=[application/json;charset=UTF-8]}" onto public org.springframework.http.ResponseEntity<java.util.List<com.sarindy.productSubCategory.ProductSubCategory>> com.sarindy.productSubCategory.ProductSubCategoryController.getAllProductSubCategory()
[INFO ] 2017-04-09 16:33:06.693 [restartedMain] o.s.w.s.m.m.a.RequestMappingHandlerMapping - Mapped "{[/getProductSubCategoryByIdJson/{id}],methods=[GET],produces=[application/json;charset=UTF-8]}" onto public org.springframework.http.ResponseEntity<com.sarindy.productSubCategory.ProductSubCategory> com.sarindy.productSubCategory.ProductSubCategoryController.getProductSubCategoryById(int)
[INFO ] 2017-04-09 16:33:06.693 [restartedMain] o.s.w.s.m.m.a.RequestMappingHandlerMapping - Mapped "{[/getProductSubCategoryByNameJson/{name}],methods=[GET],produces=[application/json;charset=UTF-8]}" onto public org.springframework.http.ResponseEntity<com.sarindy.productSubCategory.ProductSubCategory> com.sarindy.productSubCategory.ProductSubCategoryController.getProductSubCategoryByName(java.lang.String)
[INFO ] 2017-04-09 16:33:06.694 [restartedMain] o.s.w.s.m.m.a.RequestMappingHandlerMapping - Mapped "{[/getProductSubCategoryByNameLikeJson/{name}],methods=[GET],produces=[application/json;charset=UTF-8]}" onto public org.springframework.http.ResponseEntity<java.util.List<com.sarindy.productSubCategory.ProductSubCategory>> com.sarindy.productSubCategory.ProductSubCategoryController.getProductSubCategoryByNameLike(java.lang.String)
[INFO ] 2017-04-09 16:33:06.696 [restartedMain] o.s.w.s.m.m.a.RequestMappingHandlerMapping - Mapped "{[/error]}" onto public org.springframework.http.ResponseEntity<java.util.Map<java.lang.String, java.lang.Object>> org.springframework.boot.autoconfigure.web.BasicErrorController.error(javax.servlet.http.HttpServletRequest)
[INFO ] 2017-04-09 16:33:06.698 [restartedMain] o.s.w.s.m.m.a.RequestMappingHandlerMapping - Mapped "{[/error],produces=[text/html]}" onto public org.springframework.web.servlet.ModelAndView org.springframework.boot.autoconfigure.web.BasicErrorController.errorHtml(javax.servlet.http.HttpServletRequest,javax.servlet.http.HttpServletResponse)
[INFO ] 2017-04-09 16:33:06.745 [restartedMain] o.s.w.s.h.SimpleUrlHandlerMapping - Mapped URL path [/webjars/**] onto handler of type [class org.springframework.web.servlet.resource.ResourceHttpRequestHandler]
[INFO ] 2017-04-09 16:33:06.745 [restartedMain] o.s.w.s.h.SimpleUrlHandlerMapping - Mapped URL path [/**] onto handler of type [class org.springframework.web.servlet.resource.ResourceHttpRequestHandler]
[INFO ] 2017-04-09 16:33:06.837 [restartedMain] o.s.w.s.h.SimpleUrlHandlerMapping - Mapped URL path [/**/favicon.ico] onto handler of type [class org.springframework.web.servlet.resource.ResourceHttpRequestHandler]
[INFO ] 2017-04-09 16:33:07.461 [restartedMain] o.s.b.d.a.OptionalLiveReloadServer - LiveReload server is running on port 35729
[INFO ] 2017-04-09 16:33:07.525 [restartedMain] o.s.j.e.a.AnnotationMBeanExporter - Registering beans for JMX exposure on startup
[INFO ] 2017-04-09 16:33:07.635 [restartedMain] o.s.b.c.e.t.TomcatEmbeddedServletContainer - Tomcat started on port(s): 8080 (http)
[INFO ] 2017-04-09 16:33:07.673 [restartedMain] o.h.h.i.QueryTranslatorFactoryInitiator - HHH000397: Using ASTQueryTranslatorFactory
[INFO ] 2017-04-09 16:33:07.938 [restartedMain] c.s.TestBean - Deleted!!!
[INFO ] 2017-04-09 16:33:07.940 [restartedMain] c.s.ProductApplication - Started ProductApplication in 7.577 seconds (JVM running for 8.177)
[INFO ] 2017-04-09 16:33:37.715 [Thread-10] o.s.b.c.e.AnnotationConfigEmbeddedWebApplicationContext - Closing org.springframework.boot.context.embedded.AnnotationConfigEmbeddedWebApplicationContext@500c8a76: startup date [Sun Apr 09 16:33:01 ICT 2017]; root of context hierarchy
[INFO ] 2017-04-09 16:33:37.717 [Thread-10] o.s.j.e.a.AnnotationMBeanExporter - Unregistering JMX-exposed beans on shutdown
[INFO ] 2017-04-09 16:33:37.722 [Thread-10] o.s.o.j.LocalContainerEntityManagerFactoryBean - Closing JPA EntityManagerFactory for persistence unit 'default'
[INFO ] 2017-04-09 16:34:38.400 [restartedMain] c.s.ProductApplication - Starting ProductApplication on Sarindys-MacBook-Pro.local with PID 3898 (/Users/dy/Documents/java/Workspaces/dnynn_workspace/Product/target/classes started by dy in /Users/dy/Documents/java/Workspaces/dnynn_workspace/Product)
[INFO ] 2017-04-09 16:34:38.403 [restartedMain] c.s.ProductApplication - No active profile set, falling back to default profiles: default
[INFO ] 2017-04-09 16:34:38.924 [restartedMain] o.s.b.c.e.AnnotationConfigEmbeddedWebApplicationContext - Refreshing org.springframework.boot.context.embedded.AnnotationConfigEmbeddedWebApplicationContext@10893cf0: startup date [Sun Apr 09 16:34:38 ICT 2017]; root of context hierarchy
[INFO ] 2017-04-09 16:34:40.580 [restartedMain] o.s.c.s.PostProcessorRegistrationDelegate$BeanPostProcessorChecker - Bean 'org.springframework.transaction.annotation.ProxyTransactionManagementConfiguration' of type [org.springframework.transaction.annotation.ProxyTransactionManagementConfiguration$$EnhancerBySpringCGLIB$$889d02d8] is not eligible for getting processed by all BeanPostProcessors (for example: not eligible for auto-proxying)
[INFO ] 2017-04-09 16:34:41.083 [restartedMain] o.s.b.c.e.t.TomcatEmbeddedServletContainer - Tomcat initialized with port(s): 8080 (http)
[INFO ] 2017-04-09 16:34:41.098 [restartedMain] o.a.c.c.StandardService - Starting service Tomcat
[INFO ] 2017-04-09 16:34:41.099 [restartedMain] o.a.c.c.StandardEngine - Starting Servlet Engine: Apache Tomcat/8.5.11
[INFO ] 2017-04-09 16:34:41.186 [localhost-startStop-1] o.a.c.c.C.[.[.[/] - Initializing Spring embedded WebApplicationContext
[INFO ] 2017-04-09 16:34:41.186 [localhost-startStop-1] o.s.w.c.ContextLoader - Root WebApplicationContext: initialization completed in 2267 ms
[INFO ] 2017-04-09 16:34:41.349 [localhost-startStop-1] o.s.b.w.s.ServletRegistrationBean - Mapping servlet: 'dispatcherServlet' to [/]
[INFO ] 2017-04-09 16:34:41.354 [localhost-startStop-1] o.s.b.w.s.FilterRegistrationBean - Mapping filter: 'characterEncodingFilter' to: [/*]
[INFO ] 2017-04-09 16:34:41.356 [localhost-startStop-1] o.s.b.w.s.FilterRegistrationBean - Mapping filter: 'hiddenHttpMethodFilter' to: [/*]
[INFO ] 2017-04-09 16:34:41.356 [localhost-startStop-1] o.s.b.w.s.FilterRegistrationBean - Mapping filter: 'httpPutFormContentFilter' to: [/*]
[INFO ] 2017-04-09 16:34:41.356 [localhost-startStop-1] o.s.b.w.s.FilterRegistrationBean - Mapping filter: 'requestContextFilter' to: [/*]
[INFO ] 2017-04-09 16:34:42.241 [restartedMain] o.s.o.j.LocalContainerEntityManagerFactoryBean - Building JPA container EntityManagerFactory for persistence unit 'default'
[INFO ] 2017-04-09 16:34:42.271 [restartedMain] o.h.j.i.u.LogHelper - HHH000204: Processing PersistenceUnitInfo [
	name: default
	...]
[INFO ] 2017-04-09 16:34:42.366 [restartedMain] o.h.Version - HHH000412: Hibernate Core {5.0.12.Final}
[INFO ] 2017-04-09 16:34:42.368 [restartedMain] o.h.c.Environment - HHH000206: hibernate.properties not found
[INFO ] 2017-04-09 16:34:42.370 [restartedMain] o.h.c.Environment - HHH000021: Bytecode provider name : javassist
[INFO ] 2017-04-09 16:34:42.598 [restartedMain] o.h.a.c.Version - HCANN000001: Hibernate Commons Annotations {5.0.1.Final}
[INFO ] 2017-04-09 16:34:42.714 [restartedMain] o.h.d.Dialect - HHH000400: Using dialect: org.hibernate.dialect.MySQL5Dialect
[INFO ] 2017-04-09 16:34:43.339 [restartedMain] o.h.t.h.SchemaUpdate - HHH000228: Running hbm2ddl schema update
[INFO ] 2017-04-09 16:34:43.468 [restartedMain] o.s.o.j.LocalContainerEntityManagerFactoryBean - Initialized JPA EntityManagerFactory for persistence unit 'default'
[INFO ] 2017-04-09 16:34:44.204 [restartedMain] o.s.w.s.m.m.a.RequestMappingHandlerAdapter - Looking for @ControllerAdvice: org.springframework.boot.context.embedded.AnnotationConfigEmbeddedWebApplicationContext@10893cf0: startup date [Sun Apr 09 16:34:38 ICT 2017]; root of context hierarchy
[INFO ] 2017-04-09 16:34:44.319 [restartedMain] o.s.w.s.m.m.a.RequestMappingHandlerMapping - Mapped "{[/addProduct],methods=[POST],consumes=[application/json;charset=UTF-8],produces=[application/json;charset=UTF-8]}" onto public void com.sarindy.product.ProductController.addProduct(com.sarindy.product.Product)
[INFO ] 2017-04-09 16:34:44.322 [restartedMain] o.s.w.s.m.m.a.RequestMappingHandlerMapping - Mapped "{[/deleteProduct],methods=[POST],consumes=[application/json;charset=UTF-8],produces=[application/json;charset=UTF-8]}" onto public void com.sarindy.product.ProductController.deleteProduct(com.sarindy.product.Product)
[INFO ] 2017-04-09 16:34:44.322 [restartedMain] o.s.w.s.m.m.a.RequestMappingHandlerMapping - Mapped "{[/updateProduct],methods=[POST],consumes=[application/json;charset=UTF-8]}" onto public void com.sarindy.product.ProductController.updateProduct(com.sarindy.product.Product)
[INFO ] 2017-04-09 16:34:44.322 [restartedMain] o.s.w.s.m.m.a.RequestMappingHandlerMapping - Mapped "{[/getAllProduct],methods=[GET],consumes=[application/json;charset=UTF-8],produces=[application/json;charset=UTF-8]}" onto public java.util.List<com.sarindy.product.Product> com.sarindy.product.ProductController.getAllProduct()
[INFO ] 2017-04-09 16:34:44.322 [restartedMain] o.s.w.s.m.m.a.RequestMappingHandlerMapping - Mapped "{[/getProduct],methods=[GET],consumes=[application/json;charset=UTF-8],produces=[application/json;charset=UTF-8]}" onto public com.sarindy.product.Product com.sarindy.product.ProductController.getProduct(com.sarindy.product.Product)
[INFO ] 2017-04-09 16:34:44.323 [restartedMain] o.s.w.s.m.m.a.RequestMappingHandlerMapping - Mapped "{[/getProductByName],methods=[GET],consumes=[application/json;charset=UTF-8],produces=[application/json;charset=UTF-8]}" onto public com.sarindy.product.Product com.sarindy.product.ProductController.getProductByName(com.sarindy.product.Product)
[INFO ] 2017-04-09 16:34:44.323 [restartedMain] o.s.w.s.m.m.a.RequestMappingHandlerMapping - Mapped "{[/getProductByNameLike],methods=[GET],consumes=[application/json;charset=UTF-8],produces=[application/json;charset=UTF-8]}" onto public java.util.List<com.sarindy.product.Product> com.sarindy.product.ProductController.getProductByNameLike(com.sarindy.product.Product)
[INFO ] 2017-04-09 16:34:44.324 [restartedMain] o.s.w.s.m.m.a.RequestMappingHandlerMapping - Mapped "{[/addProductCategory],methods=[GET]}" onto public org.springframework.web.servlet.ModelAndView com.sarindy.productCategory.ProductCategoryController.addProductCategory()
[INFO ] 2017-04-09 16:34:44.324 [restartedMain] o.s.w.s.m.m.a.RequestMappingHandlerMapping - Mapped "{[/addProductCategoryJSON],methods=[POST],consumes=[application/json;charset=UTF-8],produces=[application/json;charset=UTF-8]}" onto public org.springframework.http.ResponseEntity<com.sarindy.productCategory.ProductCategory> com.sarindy.productCategory.ProductCategoryController.addProductCategory(com.sarindy.productCategory.ProductCategory)
[INFO ] 2017-04-09 16:34:44.333 [restartedMain] o.s.w.s.m.m.a.RequestMappingHandlerMapping - Mapped "{[/addProductPropertyJSON],methods=[POST],consumes=[application/json;charset=UTF-8],produces=[application/json;charset=UTF-8]}" onto public org.springframework.http.ResponseEntity<com.sarindy.productProperty.ProductProperty> com.sarindy.productProperty.ProductPropertyController.addProductProperty(com.sarindy.productProperty.ProductProperty)
[INFO ] 2017-04-09 16:34:44.334 [restartedMain] o.s.w.s.m.m.a.RequestMappingHandlerMapping - Mapped "{[/deleteProductPropertyJSON],methods=[POST],consumes=[application/json;charset=UTF-8],produces=[application/json;charset=UTF-8]}" onto public org.springframework.http.ResponseEntity<com.sarindy.productProperty.ProductProperty> com.sarindy.productProperty.ProductPropertyController.deleteProductProperty(com.sarindy.productProperty.ProductProperty)
[INFO ] 2017-04-09 16:34:44.335 [restartedMain] o.s.w.s.m.m.a.RequestMappingHandlerMapping - Mapped "{[/updateProductPropertyJSON],methods=[PUT],consumes=[application/json;charset=UTF-8],produces=[application/json;charset=UTF-8]}" onto public org.springframework.http.ResponseEntity<com.sarindy.productProperty.ProductProperty> com.sarindy.productProperty.ProductPropertyController.updateProductProperty(com.sarindy.productProperty.ProductProperty)
[INFO ] 2017-04-09 16:34:44.336 [restartedMain] o.s.w.s.m.m.a.RequestMappingHandlerMapping - Mapped "{[/getAllProductPropertyJSON],methods=[GET],produces=[application/json;charset=UTF-8]}" onto public org.springframework.http.ResponseEntity<java.util.List<com.sarindy.productProperty.ProductProperty>> com.sarindy.productProperty.ProductPropertyController.getAllProductProperty()
[INFO ] 2017-04-09 16:34:44.336 [restartedMain] o.s.w.s.m.m.a.RequestMappingHandlerMapping - Mapped "{[/getProductPropertyByIdJson/{id}],methods=[GET],produces=[application/json;charset=UTF-8]}" onto public org.springframework.http.ResponseEntity<com.sarindy.productProperty.ProductProperty> com.sarindy.productProperty.ProductPropertyController.getProductPropertyById(int)
[INFO ] 2017-04-09 16:34:44.337 [restartedMain] o.s.w.s.m.m.a.RequestMappingHandlerMapping - Mapped "{[/getProductPropertyByNameJson/{name}],methods=[GET],produces=[application/json;charset=UTF-8]}" onto public org.springframework.http.ResponseEntity<com.sarindy.productProperty.ProductProperty> com.sarindy.productProperty.ProductPropertyController.getProductPropertyByName(java.lang.String)
[INFO ] 2017-04-09 16:34:44.337 [restartedMain] o.s.w.s.m.m.a.RequestMappingHandlerMapping - Mapped "{[/getProductPropertyByNameLikeJson/{name}],methods=[GET],produces=[application/json;charset=UTF-8]}" onto public org.springframework.http.ResponseEntity<java.util.List<com.sarindy.productProperty.ProductProperty>> com.sarindy.productProperty.ProductPropertyController.getProductPropertyByNameLike(java.lang.String)
[INFO ] 2017-04-09 16:34:44.340 [restartedMain] o.s.w.s.m.m.a.RequestMappingHandlerMapping - Mapped "{[/getAllProductPropertyDetail],methods=[GET],produces=[application/json;charset=UTF-8]}" onto public org.springframework.http.ResponseEntity<java.util.List<com.sarindy.productPropertyDetail.ProductPropertyDetail>> com.sarindy.productPropertyDetail.ProductPropertyDetailController.getAllProductPropertyDetail()
[INFO ] 2017-04-09 16:34:44.341 [restartedMain] o.s.w.s.m.m.a.RequestMappingHandlerMapping - Mapped "{[/getProductPropertyDetail],methods=[POST],consumes=[application/json;charset=UTF-8],produces=[application/json;charset=UTF-8]}" onto public org.springframework.http.ResponseEntity<com.sarindy.productPropertyDetail.ProductPropertyDetail> com.sarindy.productPropertyDetail.ProductPropertyDetailController.getProductPropertyDetail(com.sarindy.productPropertyDetail.ProductPropertyDetail)
[INFO ] 2017-04-09 16:34:44.341 [restartedMain] o.s.w.s.m.m.a.RequestMappingHandlerMapping - Mapped "{[/getProductPropertyDetailByName],methods=[POST],consumes=[application/json;charset=UTF-8],produces=[application/json;charset=UTF-8]}" onto public org.springframework.http.ResponseEntity<com.sarindy.productPropertyDetail.ProductPropertyDetail> com.sarindy.productPropertyDetail.ProductPropertyDetailController.getProductPropertyDetailByName(com.sarindy.productPropertyDetail.ProductPropertyDetail)
[INFO ] 2017-04-09 16:34:44.341 [restartedMain] o.s.w.s.m.m.a.RequestMappingHandlerMapping - Mapped "{[/getProductPropertyDetailByNameLike],methods=[POST],consumes=[application/json;charset=UTF-8],produces=[application/json;charset=UTF-8]}" onto public org.springframework.http.ResponseEntity<java.util.List<com.sarindy.productPropertyDetail.ProductPropertyDetail>> com.sarindy.productPropertyDetail.ProductPropertyDetailController.getProductPropertyDetailByNameLike(com.sarindy.productPropertyDetail.ProductPropertyDetail)
[INFO ] 2017-04-09 16:34:44.341 [restartedMain] o.s.w.s.m.m.a.RequestMappingHandlerMapping - Mapped "{[/addProductPropertyDetail],methods=[POST],consumes=[application/json;charset=UTF-8],produces=[application/json;charset=UTF-8]}" onto public org.springframework.http.ResponseEntity<com.sarindy.productPropertyDetail.ProductPropertyDetail> com.sarindy.productPropertyDetail.ProductPropertyDetailController.addProductPropertyDetail(com.sarindy.productPropertyDetail.ProductPropertyDetail)
[INFO ] 2017-04-09 16:34:44.342 [restartedMain] o.s.w.s.m.m.a.RequestMappingHandlerMapping - Mapped "{[/updateProductPropertyDetail],methods=[POST],consumes=[application/json;charset=UTF-8],produces=[application/json;charset=UTF-8]}" onto public org.springframework.http.ResponseEntity<com.sarindy.productPropertyDetail.ProductPropertyDetail> com.sarindy.productPropertyDetail.ProductPropertyDetailController.updateProductPropertyDetail(com.sarindy.productPropertyDetail.ProductPropertyDetail)
[INFO ] 2017-04-09 16:34:44.342 [restartedMain] o.s.w.s.m.m.a.RequestMappingHandlerMapping - Mapped "{[/deleteProductPropertyDetail],methods=[POST],consumes=[application/json;charset=UTF-8],produces=[application/json;charset=UTF-8]}" onto public org.springframework.http.ResponseEntity<com.sarindy.productPropertyDetail.ProductPropertyDetail> com.sarindy.productPropertyDetail.ProductPropertyDetailController.deleteProductPropertyDetail(com.sarindy.productPropertyDetail.ProductPropertyDetail)
[INFO ] 2017-04-09 16:34:44.344 [restartedMain] o.s.w.s.m.m.a.RequestMappingHandlerMapping - Mapped "{[/addProductSubCategoryJSON],methods=[POST],consumes=[application/json;charset=UTF-8],produces=[application/json;charset=UTF-8]}" onto public org.springframework.http.ResponseEntity<com.sarindy.productSubCategory.ProductSubCategory> com.sarindy.productSubCategory.ProductSubCategoryController.addProductSubCategory(com.sarindy.productSubCategory.ProductSubCategory)
[INFO ] 2017-04-09 16:34:44.345 [restartedMain] o.s.w.s.m.m.a.RequestMappingHandlerMapping - Mapped "{[/deleteProductSubCategoryJson],methods=[DELETE],consumes=[application/json;charset=UTF-8],produces=[application/json;charset=UTF-8]}" onto public org.springframework.http.ResponseEntity<com.sarindy.productSubCategory.ProductSubCategory> com.sarindy.productSubCategory.ProductSubCategoryController.deleteProductSubCategory(com.sarindy.productSubCategory.ProductSubCategory)
[INFO ] 2017-04-09 16:34:44.346 [restartedMain] o.s.w.s.m.m.a.RequestMappingHandlerMapping - Mapped "{[/updateProductSubCategoryJson],methods=[PUT],consumes=[application/json;charset=UTF-8],produces=[application/json;charset=UTF-8]}" onto public org.springframework.http.ResponseEntity<com.sarindy.productSubCategory.ProductSubCategory> com.sarindy.productSubCategory.ProductSubCategoryController.updateProductSubCategory(com.sarindy.productSubCategory.ProductSubCategory)
[INFO ] 2017-04-09 16:34:44.346 [restartedMain] o.s.w.s.m.m.a.RequestMappingHandlerMapping - Mapped "{[/getAllProductSubCategory],methods=[GET],produces=[application/json;charset=UTF-8]}" onto public org.springframework.http.ResponseEntity<java.util.List<com.sarindy.productSubCategory.ProductSubCategory>> com.sarindy.productSubCategory.ProductSubCategoryController.getAllProductSubCategory()
[INFO ] 2017-04-09 16:34:44.347 [restartedMain] o.s.w.s.m.m.a.RequestMappingHandlerMapping - Mapped "{[/getProductSubCategoryByIdJson/{id}],methods=[GET],produces=[application/json;charset=UTF-8]}" onto public org.springframework.http.ResponseEntity<com.sarindy.productSubCategory.ProductSubCategory> com.sarindy.productSubCategory.ProductSubCategoryController.getProductSubCategoryById(int)
[INFO ] 2017-04-09 16:34:44.348 [restartedMain] o.s.w.s.m.m.a.RequestMappingHandlerMapping - Mapped "{[/getProductSubCategoryByNameJson/{name}],methods=[GET],produces=[application/json;charset=UTF-8]}" onto public org.springframework.http.ResponseEntity<com.sarindy.productSubCategory.ProductSubCategory> com.sarindy.productSubCategory.ProductSubCategoryController.getProductSubCategoryByName(java.lang.String)
[INFO ] 2017-04-09 16:34:44.349 [restartedMain] o.s.w.s.m.m.a.RequestMappingHandlerMapping - Mapped "{[/getProductSubCategoryByNameLikeJson/{name}],methods=[GET],produces=[application/json;charset=UTF-8]}" onto public org.springframework.http.ResponseEntity<java.util.List<com.sarindy.productSubCategory.ProductSubCategory>> com.sarindy.productSubCategory.ProductSubCategoryController.getProductSubCategoryByNameLike(java.lang.String)
[INFO ] 2017-04-09 16:34:44.354 [restartedMain] o.s.w.s.m.m.a.RequestMappingHandlerMapping - Mapped "{[/error]}" onto public org.springframework.http.ResponseEntity<java.util.Map<java.lang.String, java.lang.Object>> org.springframework.boot.autoconfigure.web.BasicErrorController.error(javax.servlet.http.HttpServletRequest)
[INFO ] 2017-04-09 16:34:44.354 [restartedMain] o.s.w.s.m.m.a.RequestMappingHandlerMapping - Mapped "{[/error],produces=[text/html]}" onto public org.springframework.web.servlet.ModelAndView org.springframework.boot.autoconfigure.web.BasicErrorController.errorHtml(javax.servlet.http.HttpServletRequest,javax.servlet.http.HttpServletResponse)
[INFO ] 2017-04-09 16:34:44.400 [restartedMain] o.s.w.s.h.SimpleUrlHandlerMapping - Mapped URL path [/webjars/**] onto handler of type [class org.springframework.web.servlet.resource.ResourceHttpRequestHandler]
[INFO ] 2017-04-09 16:34:44.401 [restartedMain] o.s.w.s.h.SimpleUrlHandlerMapping - Mapped URL path [/**] onto handler of type [class org.springframework.web.servlet.resource.ResourceHttpRequestHandler]
[INFO ] 2017-04-09 16:34:44.522 [restartedMain] o.s.w.s.h.SimpleUrlHandlerMapping - Mapped URL path [/**/favicon.ico] onto handler of type [class org.springframework.web.servlet.resource.ResourceHttpRequestHandler]
[INFO ] 2017-04-09 16:34:45.326 [restartedMain] o.s.b.d.a.OptionalLiveReloadServer - LiveReload server is running on port 35729
[INFO ] 2017-04-09 16:34:45.418 [restartedMain] o.s.j.e.a.AnnotationMBeanExporter - Registering beans for JMX exposure on startup
[INFO ] 2017-04-09 16:34:45.527 [restartedMain] o.s.b.c.e.t.TomcatEmbeddedServletContainer - Tomcat started on port(s): 8080 (http)
[INFO ] 2017-04-09 16:34:45.577 [restartedMain] o.h.h.i.QueryTranslatorFactoryInitiator - HHH000397: Using ASTQueryTranslatorFactory
[INFO ] 2017-04-09 16:34:45.989 [restartedMain] c.s.TestBean - Deleted!!!
[INFO ] 2017-04-09 16:34:45.991 [restartedMain] c.s.ProductApplication - Started ProductApplication in 8.078 seconds (JVM running for 8.542)
[INFO ] 2017-04-09 18:47:39.954 [Thread-10] o.s.b.c.e.AnnotationConfigEmbeddedWebApplicationContext - Closing org.springframework.boot.context.embedded.AnnotationConfigEmbeddedWebApplicationContext@10893cf0: startup date [Sun Apr 09 16:34:38 ICT 2017]; root of context hierarchy
[INFO ] 2017-04-09 18:47:39.960 [Thread-10] o.s.j.e.a.AnnotationMBeanExporter - Unregistering JMX-exposed beans on shutdown
[INFO ] 2017-04-09 18:47:39.964 [Thread-10] o.s.o.j.LocalContainerEntityManagerFactoryBean - Closing JPA EntityManagerFactory for persistence unit 'default'
